<?xml version="1.0" encoding="UTF-8"?>
<!-- Generated by org.testng.reporters.JUnitXMLReporter -->
<testsuite ignored="0" hostname="Ken" failures="0" tests="5" name="Default test" time="34.256" errors="0" timestamp="2023-02-12T15:25:12 PST">
  <testcase classname="tests.CalculatorAppTest" name="additionTest" time="4.815"/>
  <testcase classname="tests.CalculatorAppTest" name="divisionTest" time="7.264"/>
  <testcase classname="tests.CalculatorAppTest" name="multiplicationTest" time="6.174"/>
  <testcase classname="tests.CalculatorAppTest" name="percentageTest" time="9.34"/>
  <testcase classname="tests.CalculatorAppTest" name="subtractionTest" time="6.516"/>
</testsuite> <!-- Default test -->
